2013-04-07T19:39:50+02:00 [core\system\Router] ERROR exception 'ReflectionException' with message 'Class app\Controller\dupaController does not exist' in D:\xampp\htdocs\rhea\src\core\annotation\annotationclass.php:9
Stack trace:
#0 D:\xampp\htdocs\rhea\src\core\annotation\annotationclass.php(9): ReflectionClass->__construct('app\Controller\...')
#1 D:\xampp\htdocs\rhea\src\core\system\router.php(32): core\annotation\AnnotationClass->__construct('app\Controller\...')
#2 D:\xampp\htdocs\rhea\src\core\system\dispatcher.php(12): core\system\Router->route()
#3 D:\xampp\htdocs\rhea\index.php(8): core\system\Dispatcher::dispatch()
#4 {main}
2013-04-07T19:41:07+02:00 [core\system\Router] ERROR exception 'ReflectionException' with message 'Class app\Controller\blogController does not exist' in D:\xampp\htdocs\rhea\src\core\annotation\annotationclass.php:9
Stack trace:
#0 D:\xampp\htdocs\rhea\src\core\annotation\annotationclass.php(9): ReflectionClass->__construct('app\Controller\...')
#1 D:\xampp\htdocs\rhea\src\core\system\router.php(32): core\annotation\AnnotationClass->__construct('app\Controller\...')
#2 D:\xampp\htdocs\rhea\src\core\system\dispatcher.php(12): core\system\Router->route()
#3 D:\xampp\htdocs\rhea\index.php(8): core\system\Dispatcher::dispatch()
#4 {main}
2013-04-07T21:29:03+02:00 [core\system\Router] ERROR exception 'ReflectionException' with message 'Class app\Controller\blogController does not exist' in D:\xampp\htdocs\rhea\src\core\annotation\annotationclass.php:9
Stack trace:
#0 D:\xampp\htdocs\rhea\src\core\annotation\annotationclass.php(9): ReflectionClass->__construct('app\Controller\...')
#1 D:\xampp\htdocs\rhea\src\core\system\router.php(32): core\annotation\AnnotationClass->__construct('app\Controller\...')
#2 D:\xampp\htdocs\rhea\src\core\system\dispatcher.php(12): core\system\Router->route()
#3 D:\xampp\htdocs\rhea\index.php(8): core\system\Dispatcher::dispatch()
#4 {main}
2013-04-19T23:10:50+02:00 [core\system\Router] ERROR exception 'ReflectionException' with message 'Class app\Controller\blogController does not exist' in D:\xampp\htdocs\rhea\src\core\annotation\annotationclass.php:9
Stack trace:
#0 D:\xampp\htdocs\rhea\src\core\annotation\annotationclass.php(9): ReflectionClass->__construct('app\Controller\...')
#1 D:\xampp\htdocs\rhea\src\core\system\router.php(32): core\annotation\AnnotationClass->__construct('app\Controller\...')
#2 D:\xampp\htdocs\rhea\src\core\system\dispatcher.php(12): core\system\Router->route()
#3 D:\xampp\htdocs\rhea\index.php(8): core\system\Dispatcher::dispatch()
#4 {main}
2013-06-12T22:29:00+02:00 [core\system\Router] ERROR exception 'ReflectionException' with message 'Class app\Controller\webController does not exist' in D:\xampp\htdocs\rhea\src\core\annotation\annotationclass.php:9
Stack trace:
#0 D:\xampp\htdocs\rhea\src\core\annotation\annotationclass.php(9): ReflectionClass->__construct('app\Controller\...')
#1 D:\xampp\htdocs\rhea\src\core\system\router.php(32): core\annotation\AnnotationClass->__construct('app\Controller\...')
#2 D:\xampp\htdocs\rhea\src\core\system\dispatcher.php(12): core\system\Router->route()
#3 D:\xampp\htdocs\rhea\index.php(8): core\system\Dispatcher::dispatch()
#4 {main}
2013-06-12T22:29:00+02:00 [core\system\Router] ERROR exception 'ReflectionException' with message 'Class app\Controller\webController does not exist' in D:\xampp\htdocs\rhea\src\core\annotation\annotationclass.php:9
Stack trace:
#0 D:\xampp\htdocs\rhea\src\core\annotation\annotationclass.php(9): ReflectionClass->__construct('app\Controller\...')
#1 D:\xampp\htdocs\rhea\src\core\system\router.php(32): core\annotation\AnnotationClass->__construct('app\Controller\...')
#2 D:\xampp\htdocs\rhea\src\core\system\dispatcher.php(12): core\system\Router->route()
#3 D:\xampp\htdocs\rhea\index.php(8): core\system\Dispatcher::dispatch()
#4 {main}
2013-06-12T22:29:00+02:00 [core\system\Router] ERROR exception 'ReflectionException' with message 'Class app\Controller\webController does not exist' in D:\xampp\htdocs\rhea\src\core\annotation\annotationclass.php:9
Stack trace:
#0 D:\xampp\htdocs\rhea\src\core\annotation\annotationclass.php(9): ReflectionClass->__construct('app\Controller\...')
#1 D:\xampp\htdocs\rhea\src\core\system\router.php(32): core\annotation\AnnotationClass->__construct('app\Controller\...')
#2 D:\xampp\htdocs\rhea\src\core\system\dispatcher.php(12): core\system\Router->route()
#3 D:\xampp\htdocs\rhea\index.php(8): core\system\Dispatcher::dispatch()
#4 {main}
2013-06-12T22:29:00+02:00 [core\system\Router] ERROR exception 'ReflectionException' with message 'Class app\Controller\webController does not exist' in D:\xampp\htdocs\rhea\src\core\annotation\annotationclass.php:9
Stack trace:
#0 D:\xampp\htdocs\rhea\src\core\annotation\annotationclass.php(9): ReflectionClass->__construct('app\Controller\...')
#1 D:\xampp\htdocs\rhea\src\core\system\router.php(32): core\annotation\AnnotationClass->__construct('app\Controller\...')
#2 D:\xampp\htdocs\rhea\src\core\system\dispatcher.php(12): core\system\Router->route()
#3 D:\xampp\htdocs\rhea\index.php(8): core\system\Dispatcher::dispatch()
#4 {main}
2013-06-12T22:29:00+02:00 [core\system\Router] ERROR exception 'ReflectionException' with message 'Class app\Controller\webController does not exist' in D:\xampp\htdocs\rhea\src\core\annotation\annotationclass.php:9
Stack trace:
#0 D:\xampp\htdocs\rhea\src\core\annotation\annotationclass.php(9): ReflectionClass->__construct('app\Controller\...')
#1 D:\xampp\htdocs\rhea\src\core\system\router.php(32): core\annotation\AnnotationClass->__construct('app\Controller\...')
#2 D:\xampp\htdocs\rhea\src\core\system\dispatcher.php(12): core\system\Router->route()
#3 D:\xampp\htdocs\rhea\index.php(8): core\system\Dispatcher::dispatch()
#4 {main}
2013-06-12T22:29:00+02:00 [core\system\Router] ERROR exception 'ReflectionException' with message 'Class app\Controller\webController does not exist' in D:\xampp\htdocs\rhea\src\core\annotation\annotationclass.php:9
Stack trace:
#0 D:\xampp\htdocs\rhea\src\core\annotation\annotationclass.php(9): ReflectionClass->__construct('app\Controller\...')
#1 D:\xampp\htdocs\rhea\src\core\system\router.php(32): core\annotation\AnnotationClass->__construct('app\Controller\...')
#2 D:\xampp\htdocs\rhea\src\core\system\dispatcher.php(12): core\system\Router->route()
#3 D:\xampp\htdocs\rhea\index.php(8): core\system\Dispatcher::dispatch()
#4 {main}
2013-06-12T22:29:00+02:00 [core\system\Router] ERROR exception 'ReflectionException' with message 'Class app\Controller\webController does not exist' in D:\xampp\htdocs\rhea\src\core\annotation\annotationclass.php:9
Stack trace:
#0 D:\xampp\htdocs\rhea\src\core\annotation\annotationclass.php(9): ReflectionClass->__construct('app\Controller\...')
#1 D:\xampp\htdocs\rhea\src\core\system\router.php(32): core\annotation\AnnotationClass->__construct('app\Controller\...')
#2 D:\xampp\htdocs\rhea\src\core\system\dispatcher.php(12): core\system\Router->route()
#3 D:\xampp\htdocs\rhea\index.php(8): core\system\Dispatcher::dispatch()
#4 {main}
2013-06-12T22:29:00+02:00 [core\system\Router] ERROR exception 'ReflectionException' with message 'Class app\Controller\webController does not exist' in D:\xampp\htdocs\rhea\src\core\annotation\annotationclass.php:9
Stack trace:
#0 D:\xampp\htdocs\rhea\src\core\annotation\annotationclass.php(9): ReflectionClass->__construct('app\Controller\...')
#1 D:\xampp\htdocs\rhea\src\core\system\router.php(32): core\annotation\AnnotationClass->__construct('app\Controller\...')
#2 D:\xampp\htdocs\rhea\src\core\system\dispatcher.php(12): core\system\Router->route()
#3 D:\xampp\htdocs\rhea\index.php(8): core\system\Dispatcher::dispatch()
#4 {main}
2013-06-12T22:29:00+02:00 [core\system\Router] ERROR exception 'ReflectionException' with message 'Class app\Controller\webController does not exist' in D:\xampp\htdocs\rhea\src\core\annotation\annotationclass.php:9
Stack trace:
#0 D:\xampp\htdocs\rhea\src\core\annotation\annotationclass.php(9): ReflectionClass->__construct('app\Controller\...')
#1 D:\xampp\htdocs\rhea\src\core\system\router.php(32): core\annotation\AnnotationClass->__construct('app\Controller\...')
#2 D:\xampp\htdocs\rhea\src\core\system\dispatcher.php(12): core\system\Router->route()
#3 D:\xampp\htdocs\rhea\index.php(8): core\system\Dispatcher::dispatch()
#4 {main}
2013-06-12T22:29:00+02:00 [core\system\Router] ERROR exception 'ReflectionException' with message 'Class app\Controller\webController does not exist' in D:\xampp\htdocs\rhea\src\core\annotation\annotationclass.php:9
Stack trace:
#0 D:\xampp\htdocs\rhea\src\core\annotation\annotationclass.php(9): ReflectionClass->__construct('app\Controller\...')
#1 D:\xampp\htdocs\rhea\src\core\system\router.php(32): core\annotation\AnnotationClass->__construct('app\Controller\...')
#2 D:\xampp\htdocs\rhea\src\core\system\dispatcher.php(12): core\system\Router->route()
#3 D:\xampp\htdocs\rhea\index.php(8): core\system\Dispatcher::dispatch()
#4 {main}
2013-06-12T22:29:00+02:00 [core\system\Router] ERROR exception 'ReflectionException' with message 'Class app\Controller\webController does not exist' in D:\xampp\htdocs\rhea\src\core\annotation\annotationclass.php:9
Stack trace:
#0 D:\xampp\htdocs\rhea\src\core\annotation\annotationclass.php(9): ReflectionClass->__construct('app\Controller\...')
#1 D:\xampp\htdocs\rhea\src\core\system\router.php(32): core\annotation\AnnotationClass->__construct('app\Controller\...')
#2 D:\xampp\htdocs\rhea\src\core\system\dispatcher.php(12): core\system\Router->route()
#3 D:\xampp\htdocs\rhea\index.php(8): core\system\Dispatcher::dispatch()
#4 {main}
2013-06-12T22:30:34+02:00 [core\system\Router] ERROR exception 'ReflectionException' with message 'Class app\Controller\cssController does not exist' in D:\xampp\htdocs\rhea\src\core\annotation\annotationclass.php:9
Stack trace:
#0 D:\xampp\htdocs\rhea\src\core\annotation\annotationclass.php(9): ReflectionClass->__construct('app\Controller\...')
#1 D:\xampp\htdocs\rhea\src\core\system\router.php(32): core\annotation\AnnotationClass->__construct('app\Controller\...')
#2 D:\xampp\htdocs\rhea\src\core\system\dispatcher.php(12): core\system\Router->route()
#3 D:\xampp\htdocs\rhea\index.php(8): core\system\Dispatcher::dispatch()
#4 {main}
2013-06-12T22:30:34+02:00 [core\system\Router] ERROR exception 'ReflectionException' with message 'Class app\Controller\jsController does not exist' in D:\xampp\htdocs\rhea\src\core\annotation\annotationclass.php:9
Stack trace:
#0 D:\xampp\htdocs\rhea\src\core\annotation\annotationclass.php(9): ReflectionClass->__construct('app\Controller\...')
#1 D:\xampp\htdocs\rhea\src\core\system\router.php(32): core\annotation\AnnotationClass->__construct('app\Controller\...')
#2 D:\xampp\htdocs\rhea\src\core\system\dispatcher.php(12): core\system\Router->route()
#3 D:\xampp\htdocs\rhea\index.php(8): core\system\Dispatcher::dispatch()
#4 {main}
2013-06-12T22:30:47+02:00 [core\system\Router] ERROR exception 'ReflectionException' with message 'Class app\Controller\jsController does not exist' in D:\xampp\htdocs\rhea\src\core\annotation\annotationclass.php:9
Stack trace:
#0 D:\xampp\htdocs\rhea\src\core\annotation\annotationclass.php(9): ReflectionClass->__construct('app\Controller\...')
#1 D:\xampp\htdocs\rhea\src\core\system\router.php(32): core\annotation\AnnotationClass->__construct('app\Controller\...')
#2 D:\xampp\htdocs\rhea\src\core\system\dispatcher.php(12): core\system\Router->route()
#3 D:\xampp\htdocs\rhea\index.php(8): core\system\Dispatcher::dispatch()
#4 {main}
2013-06-12T22:32:02+02:00 [core\system\Router] ERROR exception 'ReflectionException' with message 'Class app\Controller\cssController does not exist' in D:\xampp\htdocs\rhea\src\core\annotation\annotationclass.php:9
Stack trace:
#0 D:\xampp\htdocs\rhea\src\core\annotation\annotationclass.php(9): ReflectionClass->__construct('app\Controller\...')
#1 D:\xampp\htdocs\rhea\src\core\system\router.php(32): core\annotation\AnnotationClass->__construct('app\Controller\...')
#2 D:\xampp\htdocs\rhea\src\core\system\dispatcher.php(12): core\system\Router->route()
#3 D:\xampp\htdocs\rhea\index.php(8): core\system\Dispatcher::dispatch()
#4 {main}
2013-06-12T22:32:09+02:00 [core\system\Router] ERROR exception 'ReflectionException' with message 'Class app\Controller\cssController does not exist' in D:\xampp\htdocs\rhea\src\core\annotation\annotationclass.php:9
Stack trace:
#0 D:\xampp\htdocs\rhea\src\core\annotation\annotationclass.php(9): ReflectionClass->__construct('app\Controller\...')
#1 D:\xampp\htdocs\rhea\src\core\system\router.php(32): core\annotation\AnnotationClass->__construct('app\Controller\...')
#2 D:\xampp\htdocs\rhea\src\core\system\dispatcher.php(12): core\system\Router->route()
#3 D:\xampp\htdocs\rhea\index.php(8): core\system\Dispatcher::dispatch()
#4 {main}
2013-06-12T22:32:09+02:00 [core\system\Router] ERROR exception 'ReflectionException' with message 'Class app\Controller\jsController does not exist' in D:\xampp\htdocs\rhea\src\core\annotation\annotationclass.php:9
Stack trace:
#0 D:\xampp\htdocs\rhea\src\core\annotation\annotationclass.php(9): ReflectionClass->__construct('app\Controller\...')
#1 D:\xampp\htdocs\rhea\src\core\system\router.php(32): core\annotation\AnnotationClass->__construct('app\Controller\...')
#2 D:\xampp\htdocs\rhea\src\core\system\dispatcher.php(12): core\system\Router->route()
#3 D:\xampp\htdocs\rhea\index.php(8): core\system\Dispatcher::dispatch()
#4 {main}
2013-06-13T21:36:40+02:00 [core\system\Router] ERROR exception 'ReflectionException' with message 'Class app\Controller\webController does not exist' in D:\xampp\htdocs\rhea\src\core\annotation\annotationclass.php:9
Stack trace:
#0 D:\xampp\htdocs\rhea\src\core\annotation\annotationclass.php(9): ReflectionClass->__construct('app\Controller\...')
#1 D:\xampp\htdocs\rhea\src\core\system\router.php(32): core\annotation\AnnotationClass->__construct('app\Controller\...')
#2 D:\xampp\htdocs\rhea\src\core\system\dispatcher.php(12): core\system\Router->route()
#3 D:\xampp\htdocs\rhea\index.php(8): core\system\Dispatcher::dispatch()
#4 {main}
2013-06-13T21:37:12+02:00 [core\system\Router] ERROR exception 'ReflectionException' with message 'Class app\Controller\webController does not exist' in D:\xampp\htdocs\rhea\src\core\annotation\annotationclass.php:9
Stack trace:
#0 D:\xampp\htdocs\rhea\src\core\annotation\annotationclass.php(9): ReflectionClass->__construct('app\Controller\...')
#1 D:\xampp\htdocs\rhea\src\core\system\router.php(32): core\annotation\AnnotationClass->__construct('app\Controller\...')
#2 D:\xampp\htdocs\rhea\src\core\system\dispatcher.php(12): core\system\Router->route()
#3 D:\xampp\htdocs\rhea\index.php(8): core\system\Dispatcher::dispatch()
#4 {main}
2013-06-13T21:38:44+02:00 [core\system\Router] ERROR exception 'ReflectionException' with message 'Class app\Controller\webController does not exist' in D:\xampp\htdocs\rhea\src\core\annotation\annotationclass.php:9
Stack trace:
#0 D:\xampp\htdocs\rhea\src\core\annotation\annotationclass.php(9): ReflectionClass->__construct('app\Controller\...')
#1 D:\xampp\htdocs\rhea\src\core\system\router.php(32): core\annotation\AnnotationClass->__construct('app\Controller\...')
#2 D:\xampp\htdocs\rhea\src\core\system\dispatcher.php(12): core\system\Router->route()
#3 D:\xampp\htdocs\rhea\index.php(8): core\system\Dispatcher::dispatch()
#4 {main}
2013-06-13T21:41:27+02:00 [core\system\Router] ERROR exception 'ReflectionException' with message 'Class app\Controller\webController does not exist' in D:\xampp\htdocs\rhea\src\core\annotation\annotationclass.php:9
Stack trace:
#0 D:\xampp\htdocs\rhea\src\core\annotation\annotationclass.php(9): ReflectionClass->__construct('app\Controller\...')
#1 D:\xampp\htdocs\rhea\src\core\system\router.php(32): core\annotation\AnnotationClass->__construct('app\Controller\...')
#2 D:\xampp\htdocs\rhea\src\core\system\dispatcher.php(12): core\system\Router->route()
#3 D:\xampp\htdocs\rhea\index.php(8): core\system\Dispatcher::dispatch()
#4 {main}
2013-06-13T21:41:29+02:00 [core\system\Router] ERROR exception 'ReflectionException' with message 'Class app\Controller\webController does not exist' in D:\xampp\htdocs\rhea\src\core\annotation\annotationclass.php:9
Stack trace:
#0 D:\xampp\htdocs\rhea\src\core\annotation\annotationclass.php(9): ReflectionClass->__construct('app\Controller\...')
#1 D:\xampp\htdocs\rhea\src\core\system\router.php(32): core\annotation\AnnotationClass->__construct('app\Controller\...')
#2 D:\xampp\htdocs\rhea\src\core\system\dispatcher.php(12): core\system\Router->route()
#3 D:\xampp\htdocs\rhea\index.php(8): core\system\Dispatcher::dispatch()
#4 {main}
2013-06-13T21:41:50+02:00 [core\system\Router] ERROR exception 'ReflectionException' with message 'Class app\Controller\webController does not exist' in D:\xampp\htdocs\rhea\src\core\annotation\annotationclass.php:9
Stack trace:
#0 D:\xampp\htdocs\rhea\src\core\annotation\annotationclass.php(9): ReflectionClass->__construct('app\Controller\...')
#1 D:\xampp\htdocs\rhea\src\core\system\router.php(32): core\annotation\AnnotationClass->__construct('app\Controller\...')
#2 D:\xampp\htdocs\rhea\src\core\system\dispatcher.php(12): core\system\Router->route()
#3 D:\xampp\htdocs\rhea\index.php(8): core\system\Dispatcher::dispatch()
#4 {main}
2013-06-13T22:06:48+02:00 [core\system\Router] ERROR exception 'ReflectionException' with message 'Class app\Controller\jsController does not exist' in D:\xampp\htdocs\rhea\src\core\annotation\annotationclass.php:9
Stack trace:
#0 D:\xampp\htdocs\rhea\src\core\annotation\annotationclass.php(9): ReflectionClass->__construct('app\Controller\...')
#1 D:\xampp\htdocs\rhea\src\core\system\router.php(32): core\annotation\AnnotationClass->__construct('app\Controller\...')
#2 D:\xampp\htdocs\rhea\src\core\system\dispatcher.php(12): core\system\Router->route()
#3 D:\xampp\htdocs\rhea\index.php(8): core\system\Dispatcher::dispatch()
#4 {main}
2013-06-13T22:32:39+02:00 [core\system\Router] ERROR exception 'ReflectionException' with message 'Class app\Controller\webController does not exist' in D:\xampp\htdocs\rhea\src\core\annotation\annotationclass.php:9
Stack trace:
#0 D:\xampp\htdocs\rhea\src\core\annotation\annotationclass.php(9): ReflectionClass->__construct('app\Controller\...')
#1 D:\xampp\htdocs\rhea\src\core\system\router.php(32): core\annotation\AnnotationClass->__construct('app\Controller\...')
#2 D:\xampp\htdocs\rhea\src\core\system\dispatcher.php(12): core\system\Router->route()
#3 D:\xampp\htdocs\rhea\index.php(8): core\system\Dispatcher::dispatch()
#4 {main}
2013-06-13T22:32:49+02:00 [core\system\Router] ERROR exception 'ReflectionException' with message 'Class app\Controller\webController does not exist' in D:\xampp\htdocs\rhea\src\core\annotation\annotationclass.php:9
Stack trace:
#0 D:\xampp\htdocs\rhea\src\core\annotation\annotationclass.php(9): ReflectionClass->__construct('app\Controller\...')
#1 D:\xampp\htdocs\rhea\src\core\system\router.php(32): core\annotation\AnnotationClass->__construct('app\Controller\...')
#2 D:\xampp\htdocs\rhea\src\core\system\dispatcher.php(12): core\system\Router->route()
#3 D:\xampp\htdocs\rhea\index.php(8): core\system\Dispatcher::dispatch()
#4 {main}
2013-06-13T22:32:53+02:00 [core\system\Router] ERROR exception 'ReflectionException' with message 'Class app\Controller\webController does not exist' in D:\xampp\htdocs\rhea\src\core\annotation\annotationclass.php:9
Stack trace:
#0 D:\xampp\htdocs\rhea\src\core\annotation\annotationclass.php(9): ReflectionClass->__construct('app\Controller\...')
#1 D:\xampp\htdocs\rhea\src\core\system\router.php(32): core\annotation\AnnotationClass->__construct('app\Controller\...')
#2 D:\xampp\htdocs\rhea\src\core\system\dispatcher.php(12): core\system\Router->route()
#3 D:\xampp\htdocs\rhea\index.php(8): core\system\Dispatcher::dispatch()
#4 {main}
2013-06-13T22:36:45+02:00 [core\system\Router] ERROR exception 'ReflectionException' with message 'Class app\Controller\webController does not exist' in D:\xampp\htdocs\rhea\src\core\annotation\annotationclass.php:9
Stack trace:
#0 D:\xampp\htdocs\rhea\src\core\annotation\annotationclass.php(9): ReflectionClass->__construct('app\Controller\...')
#1 D:\xampp\htdocs\rhea\src\core\system\router.php(32): core\annotation\AnnotationClass->__construct('app\Controller\...')
#2 D:\xampp\htdocs\rhea\src\core\system\dispatcher.php(12): core\system\Router->route()
#3 D:\xampp\htdocs\rhea\index.php(8): core\system\Dispatcher::dispatch()
#4 {main}
2013-06-13T23:25:06+02:00 [core\system\Router] ERROR exception 'ReflectionException' with message 'Class app\Controller\webController does not exist' in D:\xampp\htdocs\rhea\src\core\annotation\annotationclass.php:9
Stack trace:
#0 D:\xampp\htdocs\rhea\src\core\annotation\annotationclass.php(9): ReflectionClass->__construct('app\Controller\...')
#1 D:\xampp\htdocs\rhea\src\core\system\router.php(32): core\annotation\AnnotationClass->__construct('app\Controller\...')
#2 D:\xampp\htdocs\rhea\src\core\system\dispatcher.php(12): core\system\Router->route()
#3 D:\xampp\htdocs\rhea\index.php(8): core\system\Dispatcher::dispatch()
#4 {main}
2013-06-13T23:33:53+02:00 [core\system\Router] ERROR exception 'ReflectionException' with message 'Class app\Controller\webController does not exist' in D:\xampp\htdocs\rhea\src\core\annotation\annotationclass.php:9
Stack trace:
#0 D:\xampp\htdocs\rhea\src\core\annotation\annotationclass.php(9): ReflectionClass->__construct('app\Controller\...')
#1 D:\xampp\htdocs\rhea\src\core\system\router.php(32): core\annotation\AnnotationClass->__construct('app\Controller\...')
#2 D:\xampp\htdocs\rhea\src\core\system\dispatcher.php(12): core\system\Router->route()
#3 D:\xampp\htdocs\rhea\index.php(8): core\system\Dispatcher::dispatch()
#4 {main}
2013-06-13T23:40:06+02:00 [core\system\Router] ERROR exception 'ReflectionException' with message 'Class app\Controller\webController does not exist' in D:\xampp\htdocs\rhea\src\core\annotation\annotationclass.php:9
Stack trace:
#0 D:\xampp\htdocs\rhea\src\core\annotation\annotationclass.php(9): ReflectionClass->__construct('app\Controller\...')
#1 D:\xampp\htdocs\rhea\src\core\system\router.php(32): core\annotation\AnnotationClass->__construct('app\Controller\...')
#2 D:\xampp\htdocs\rhea\src\core\system\dispatcher.php(12): core\system\Router->route()
#3 D:\xampp\htdocs\rhea\index.php(8): core\system\Dispatcher::dispatch()
#4 {main}
2013-06-13T23:40:26+02:00 [core\system\Router] ERROR exception 'ReflectionException' with message 'Class app\Controller\webController does not exist' in D:\xampp\htdocs\rhea\src\core\annotation\annotationclass.php:9
Stack trace:
#0 D:\xampp\htdocs\rhea\src\core\annotation\annotationclass.php(9): ReflectionClass->__construct('app\Controller\...')
#1 D:\xampp\htdocs\rhea\src\core\system\router.php(32): core\annotation\AnnotationClass->__construct('app\Controller\...')
#2 D:\xampp\htdocs\rhea\src\core\system\dispatcher.php(12): core\system\Router->route()
#3 D:\xampp\htdocs\rhea\index.php(8): core\system\Dispatcher::dispatch()
#4 {main}
2013-06-13T23:46:17+02:00 [core\system\Router] ERROR exception 'ReflectionException' with message 'Class app\Controller\webController does not exist' in D:\xampp\htdocs\rhea\src\core\annotation\annotationclass.php:9
Stack trace:
#0 D:\xampp\htdocs\rhea\src\core\annotation\annotationclass.php(9): ReflectionClass->__construct('app\Controller\...')
#1 D:\xampp\htdocs\rhea\src\core\system\router.php(32): core\annotation\AnnotationClass->__construct('app\Controller\...')
#2 D:\xampp\htdocs\rhea\src\core\system\dispatcher.php(12): core\system\Router->route()
#3 D:\xampp\htdocs\rhea\index.php(8): core\system\Dispatcher::dispatch()
#4 {main}
2013-06-13T23:46:51+02:00 [core\system\Router] ERROR exception 'ReflectionException' with message 'Class app\Controller\webController does not exist' in D:\xampp\htdocs\rhea\src\core\annotation\annotationclass.php:9
Stack trace:
#0 D:\xampp\htdocs\rhea\src\core\annotation\annotationclass.php(9): ReflectionClass->__construct('app\Controller\...')
#1 D:\xampp\htdocs\rhea\src\core\system\router.php(32): core\annotation\AnnotationClass->__construct('app\Controller\...')
#2 D:\xampp\htdocs\rhea\src\core\system\dispatcher.php(12): core\system\Router->route()
#3 D:\xampp\htdocs\rhea\index.php(8): core\system\Dispatcher::dispatch()
#4 {main}
2013-06-13T23:48:58+02:00 [core\system\Router] ERROR exception 'ReflectionException' with message 'Class app\Controller\webController does not exist' in D:\xampp\htdocs\rhea\src\core\annotation\annotationclass.php:9
Stack trace:
#0 D:\xampp\htdocs\rhea\src\core\annotation\annotationclass.php(9): ReflectionClass->__construct('app\Controller\...')
#1 D:\xampp\htdocs\rhea\src\core\system\router.php(32): core\annotation\AnnotationClass->__construct('app\Controller\...')
#2 D:\xampp\htdocs\rhea\src\core\system\dispatcher.php(12): core\system\Router->route()
#3 D:\xampp\htdocs\rhea\index.php(8): core\system\Dispatcher::dispatch()
#4 {main}
2013-06-13T23:49:39+02:00 [core\system\Router] ERROR exception 'ReflectionException' with message 'Class app\Controller\webController does not exist' in D:\xampp\htdocs\rhea\src\core\annotation\annotationclass.php:9
Stack trace:
#0 D:\xampp\htdocs\rhea\src\core\annotation\annotationclass.php(9): ReflectionClass->__construct('app\Controller\...')
#1 D:\xampp\htdocs\rhea\src\core\system\router.php(32): core\annotation\AnnotationClass->__construct('app\Controller\...')
#2 D:\xampp\htdocs\rhea\src\core\system\dispatcher.php(12): core\system\Router->route()
#3 D:\xampp\htdocs\rhea\index.php(8): core\system\Dispatcher::dispatch()
#4 {main}
2013-06-13T23:50:13+02:00 [core\system\Router] ERROR exception 'ReflectionException' with message 'Class app\Controller\webController does not exist' in D:\xampp\htdocs\rhea\src\core\annotation\annotationclass.php:9
Stack trace:
#0 D:\xampp\htdocs\rhea\src\core\annotation\annotationclass.php(9): ReflectionClass->__construct('app\Controller\...')
#1 D:\xampp\htdocs\rhea\src\core\system\router.php(32): core\annotation\AnnotationClass->__construct('app\Controller\...')
#2 D:\xampp\htdocs\rhea\src\core\system\dispatcher.php(12): core\system\Router->route()
#3 D:\xampp\htdocs\rhea\index.php(8): core\system\Dispatcher::dispatch()
#4 {main}
2013-06-13T23:50:32+02:00 [core\system\Router] ERROR exception 'ReflectionException' with message 'Class app\Controller\webController does not exist' in D:\xampp\htdocs\rhea\src\core\annotation\annotationclass.php:9
Stack trace:
#0 D:\xampp\htdocs\rhea\src\core\annotation\annotationclass.php(9): ReflectionClass->__construct('app\Controller\...')
#1 D:\xampp\htdocs\rhea\src\core\system\router.php(32): core\annotation\AnnotationClass->__construct('app\Controller\...')
#2 D:\xampp\htdocs\rhea\src\core\system\dispatcher.php(12): core\system\Router->route()
#3 D:\xampp\htdocs\rhea\index.php(8): core\system\Dispatcher::dispatch()
#4 {main}
2013-06-13T23:50:43+02:00 [core\system\Router] ERROR exception 'ReflectionException' with message 'Class app\Controller\webController does not exist' in D:\xampp\htdocs\rhea\src\core\annotation\annotationclass.php:9
Stack trace:
#0 D:\xampp\htdocs\rhea\src\core\annotation\annotationclass.php(9): ReflectionClass->__construct('app\Controller\...')
#1 D:\xampp\htdocs\rhea\src\core\system\router.php(32): core\annotation\AnnotationClass->__construct('app\Controller\...')
#2 D:\xampp\htdocs\rhea\src\core\system\dispatcher.php(12): core\system\Router->route()
#3 D:\xampp\htdocs\rhea\index.php(8): core\system\Dispatcher::dispatch()
#4 {main}
2013-06-13T23:51:01+02:00 [core\system\Router] ERROR exception 'ReflectionException' with message 'Class app\Controller\webController does not exist' in D:\xampp\htdocs\rhea\src\core\annotation\annotationclass.php:9
Stack trace:
#0 D:\xampp\htdocs\rhea\src\core\annotation\annotationclass.php(9): ReflectionClass->__construct('app\Controller\...')
#1 D:\xampp\htdocs\rhea\src\core\system\router.php(32): core\annotation\AnnotationClass->__construct('app\Controller\...')
#2 D:\xampp\htdocs\rhea\src\core\system\dispatcher.php(12): core\system\Router->route()
#3 D:\xampp\htdocs\rhea\index.php(8): core\system\Dispatcher::dispatch()
#4 {main}
2013-06-13T23:51:23+02:00 [core\system\Router] ERROR exception 'ReflectionException' with message 'Class app\Controller\webController does not exist' in D:\xampp\htdocs\rhea\src\core\annotation\annotationclass.php:9
Stack trace:
#0 D:\xampp\htdocs\rhea\src\core\annotation\annotationclass.php(9): ReflectionClass->__construct('app\Controller\...')
#1 D:\xampp\htdocs\rhea\src\core\system\router.php(32): core\annotation\AnnotationClass->__construct('app\Controller\...')
#2 D:\xampp\htdocs\rhea\src\core\system\dispatcher.php(12): core\system\Router->route()
#3 D:\xampp\htdocs\rhea\index.php(8): core\system\Dispatcher::dispatch()
#4 {main}
2013-06-13T23:51:32+02:00 [core\system\Router] ERROR exception 'ReflectionException' with message 'Class app\Controller\webController does not exist' in D:\xampp\htdocs\rhea\src\core\annotation\annotationclass.php:9
Stack trace:
#0 D:\xampp\htdocs\rhea\src\core\annotation\annotationclass.php(9): ReflectionClass->__construct('app\Controller\...')
#1 D:\xampp\htdocs\rhea\src\core\system\router.php(32): core\annotation\AnnotationClass->__construct('app\Controller\...')
#2 D:\xampp\htdocs\rhea\src\core\system\dispatcher.php(12): core\system\Router->route()
#3 D:\xampp\htdocs\rhea\index.php(8): core\system\Dispatcher::dispatch()
#4 {main}
2013-06-13T23:51:48+02:00 [core\system\Router] ERROR exception 'ReflectionException' with message 'Class app\Controller\webController does not exist' in D:\xampp\htdocs\rhea\src\core\annotation\annotationclass.php:9
Stack trace:
#0 D:\xampp\htdocs\rhea\src\core\annotation\annotationclass.php(9): ReflectionClass->__construct('app\Controller\...')
#1 D:\xampp\htdocs\rhea\src\core\system\router.php(32): core\annotation\AnnotationClass->__construct('app\Controller\...')
#2 D:\xampp\htdocs\rhea\src\core\system\dispatcher.php(12): core\system\Router->route()
#3 D:\xampp\htdocs\rhea\index.php(8): core\system\Dispatcher::dispatch()
#4 {main}
2013-06-13T23:52:15+02:00 [core\system\Router] ERROR exception 'ReflectionException' with message 'Class app\Controller\webController does not exist' in D:\xampp\htdocs\rhea\src\core\annotation\annotationclass.php:9
Stack trace:
#0 D:\xampp\htdocs\rhea\src\core\annotation\annotationclass.php(9): ReflectionClass->__construct('app\Controller\...')
#1 D:\xampp\htdocs\rhea\src\core\system\router.php(32): core\annotation\AnnotationClass->__construct('app\Controller\...')
#2 D:\xampp\htdocs\rhea\src\core\system\dispatcher.php(12): core\system\Router->route()
#3 D:\xampp\htdocs\rhea\index.php(8): core\system\Dispatcher::dispatch()
#4 {main}
2013-06-13T23:52:29+02:00 [core\system\Router] ERROR exception 'ReflectionException' with message 'Class app\Controller\webController does not exist' in D:\xampp\htdocs\rhea\src\core\annotation\annotationclass.php:9
Stack trace:
#0 D:\xampp\htdocs\rhea\src\core\annotation\annotationclass.php(9): ReflectionClass->__construct('app\Controller\...')
#1 D:\xampp\htdocs\rhea\src\core\system\router.php(32): core\annotation\AnnotationClass->__construct('app\Controller\...')
#2 D:\xampp\htdocs\rhea\src\core\system\dispatcher.php(12): core\system\Router->route()
#3 D:\xampp\htdocs\rhea\index.php(8): core\system\Dispatcher::dispatch()
#4 {main}
2013-06-13T23:52:34+02:00 [core\system\Router] ERROR exception 'ReflectionException' with message 'Class app\Controller\webController does not exist' in D:\xampp\htdocs\rhea\src\core\annotation\annotationclass.php:9
Stack trace:
#0 D:\xampp\htdocs\rhea\src\core\annotation\annotationclass.php(9): ReflectionClass->__construct('app\Controller\...')
#1 D:\xampp\htdocs\rhea\src\core\system\router.php(32): core\annotation\AnnotationClass->__construct('app\Controller\...')
#2 D:\xampp\htdocs\rhea\src\core\system\dispatcher.php(12): core\system\Router->route()
#3 D:\xampp\htdocs\rhea\index.php(8): core\system\Dispatcher::dispatch()
#4 {main}
2013-06-13T23:52:38+02:00 [core\system\Router] ERROR exception 'ReflectionException' with message 'Class app\Controller\webController does not exist' in D:\xampp\htdocs\rhea\src\core\annotation\annotationclass.php:9
Stack trace:
#0 D:\xampp\htdocs\rhea\src\core\annotation\annotationclass.php(9): ReflectionClass->__construct('app\Controller\...')
#1 D:\xampp\htdocs\rhea\src\core\system\router.php(32): core\annotation\AnnotationClass->__construct('app\Controller\...')
#2 D:\xampp\htdocs\rhea\src\core\system\dispatcher.php(12): core\system\Router->route()
#3 D:\xampp\htdocs\rhea\index.php(8): core\system\Dispatcher::dispatch()
#4 {main}
2013-06-13T23:52:43+02:00 [core\system\Router] ERROR exception 'ReflectionException' with message 'Class app\Controller\webController does not exist' in D:\xampp\htdocs\rhea\src\core\annotation\annotationclass.php:9
Stack trace:
#0 D:\xampp\htdocs\rhea\src\core\annotation\annotationclass.php(9): ReflectionClass->__construct('app\Controller\...')
#1 D:\xampp\htdocs\rhea\src\core\system\router.php(32): core\annotation\AnnotationClass->__construct('app\Controller\...')
#2 D:\xampp\htdocs\rhea\src\core\system\dispatcher.php(12): core\system\Router->route()
#3 D:\xampp\htdocs\rhea\index.php(8): core\system\Dispatcher::dispatch()
#4 {main}
2013-06-13T23:52:44+02:00 [core\system\Router] ERROR exception 'ReflectionException' with message 'Class app\Controller\webController does not exist' in D:\xampp\htdocs\rhea\src\core\annotation\annotationclass.php:9
Stack trace:
#0 D:\xampp\htdocs\rhea\src\core\annotation\annotationclass.php(9): ReflectionClass->__construct('app\Controller\...')
#1 D:\xampp\htdocs\rhea\src\core\system\router.php(32): core\annotation\AnnotationClass->__construct('app\Controller\...')
#2 D:\xampp\htdocs\rhea\src\core\system\dispatcher.php(12): core\system\Router->route()
#3 D:\xampp\htdocs\rhea\index.php(8): core\system\Dispatcher::dispatch()
#4 {main}
2013-06-13T23:52:46+02:00 [core\system\Router] ERROR exception 'ReflectionException' with message 'Class app\Controller\webController does not exist' in D:\xampp\htdocs\rhea\src\core\annotation\annotationclass.php:9
Stack trace:
#0 D:\xampp\htdocs\rhea\src\core\annotation\annotationclass.php(9): ReflectionClass->__construct('app\Controller\...')
#1 D:\xampp\htdocs\rhea\src\core\system\router.php(32): core\annotation\AnnotationClass->__construct('app\Controller\...')
#2 D:\xampp\htdocs\rhea\src\core\system\dispatcher.php(12): core\system\Router->route()
#3 D:\xampp\htdocs\rhea\index.php(8): core\system\Dispatcher::dispatch()
#4 {main}
2013-06-13T23:52:48+02:00 [core\system\Router] ERROR exception 'ReflectionException' with message 'Class app\Controller\webController does not exist' in D:\xampp\htdocs\rhea\src\core\annotation\annotationclass.php:9
Stack trace:
#0 D:\xampp\htdocs\rhea\src\core\annotation\annotationclass.php(9): ReflectionClass->__construct('app\Controller\...')
#1 D:\xampp\htdocs\rhea\src\core\system\router.php(32): core\annotation\AnnotationClass->__construct('app\Controller\...')
#2 D:\xampp\htdocs\rhea\src\core\system\dispatcher.php(12): core\system\Router->route()
#3 D:\xampp\htdocs\rhea\index.php(8): core\system\Dispatcher::dispatch()
#4 {main}
2013-06-13T23:52:49+02:00 [core\system\Router] ERROR exception 'ReflectionException' with message 'Class app\Controller\webController does not exist' in D:\xampp\htdocs\rhea\src\core\annotation\annotationclass.php:9
Stack trace:
#0 D:\xampp\htdocs\rhea\src\core\annotation\annotationclass.php(9): ReflectionClass->__construct('app\Controller\...')
#1 D:\xampp\htdocs\rhea\src\core\system\router.php(32): core\annotation\AnnotationClass->__construct('app\Controller\...')
#2 D:\xampp\htdocs\rhea\src\core\system\dispatcher.php(12): core\system\Router->route()
#3 D:\xampp\htdocs\rhea\index.php(8): core\system\Dispatcher::dispatch()
#4 {main}
2013-06-13T23:53:49+02:00 [core\system\Router] ERROR exception 'ReflectionException' with message 'Class app\Controller\webController does not exist' in D:\xampp\htdocs\rhea\src\core\annotation\annotationclass.php:9
Stack trace:
#0 D:\xampp\htdocs\rhea\src\core\annotation\annotationclass.php(9): ReflectionClass->__construct('app\Controller\...')
#1 D:\xampp\htdocs\rhea\src\core\system\router.php(32): core\annotation\AnnotationClass->__construct('app\Controller\...')
#2 D:\xampp\htdocs\rhea\src\core\system\dispatcher.php(12): core\system\Router->route()
#3 D:\xampp\htdocs\rhea\index.php(8): core\system\Dispatcher::dispatch()
#4 {main}
2013-06-13T23:53:53+02:00 [core\system\Router] ERROR exception 'ReflectionException' with message 'Class app\Controller\webController does not exist' in D:\xampp\htdocs\rhea\src\core\annotation\annotationclass.php:9
Stack trace:
#0 D:\xampp\htdocs\rhea\src\core\annotation\annotationclass.php(9): ReflectionClass->__construct('app\Controller\...')
#1 D:\xampp\htdocs\rhea\src\core\system\router.php(32): core\annotation\AnnotationClass->__construct('app\Controller\...')
#2 D:\xampp\htdocs\rhea\src\core\system\dispatcher.php(12): core\system\Router->route()
#3 D:\xampp\htdocs\rhea\index.php(8): core\system\Dispatcher::dispatch()
#4 {main}
2013-06-13T23:54:10+02:00 [core\system\Router] ERROR exception 'ReflectionException' with message 'Class app\Controller\webController does not exist' in D:\xampp\htdocs\rhea\src\core\annotation\annotationclass.php:9
Stack trace:
#0 D:\xampp\htdocs\rhea\src\core\annotation\annotationclass.php(9): ReflectionClass->__construct('app\Controller\...')
#1 D:\xampp\htdocs\rhea\src\core\system\router.php(32): core\annotation\AnnotationClass->__construct('app\Controller\...')
#2 D:\xampp\htdocs\rhea\src\core\system\dispatcher.php(12): core\system\Router->route()
#3 D:\xampp\htdocs\rhea\index.php(8): core\system\Dispatcher::dispatch()
#4 {main}
2013-06-13T23:55:48+02:00 [core\system\Router] ERROR exception 'ReflectionException' with message 'Class app\Controller\webController does not exist' in D:\xampp\htdocs\rhea\src\core\annotation\annotationclass.php:9
Stack trace:
#0 D:\xampp\htdocs\rhea\src\core\annotation\annotationclass.php(9): ReflectionClass->__construct('app\Controller\...')
#1 D:\xampp\htdocs\rhea\src\core\system\router.php(32): core\annotation\AnnotationClass->__construct('app\Controller\...')
#2 D:\xampp\htdocs\rhea\src\core\system\dispatcher.php(12): core\system\Router->route()
#3 D:\xampp\htdocs\rhea\index.php(8): core\system\Dispatcher::dispatch()
#4 {main}
2013-06-13T23:56:08+02:00 [core\system\Router] ERROR exception 'ReflectionException' with message 'Class app\Controller\webController does not exist' in D:\xampp\htdocs\rhea\src\core\annotation\annotationclass.php:9
Stack trace:
#0 D:\xampp\htdocs\rhea\src\core\annotation\annotationclass.php(9): ReflectionClass->__construct('app\Controller\...')
#1 D:\xampp\htdocs\rhea\src\core\system\router.php(32): core\annotation\AnnotationClass->__construct('app\Controller\...')
#2 D:\xampp\htdocs\rhea\src\core\system\dispatcher.php(12): core\system\Router->route()
#3 D:\xampp\htdocs\rhea\index.php(8): core\system\Dispatcher::dispatch()
#4 {main}
2013-06-13T23:56:25+02:00 [core\system\Router] ERROR exception 'ReflectionException' with message 'Class app\Controller\webController does not exist' in D:\xampp\htdocs\rhea\src\core\annotation\annotationclass.php:9
Stack trace:
#0 D:\xampp\htdocs\rhea\src\core\annotation\annotationclass.php(9): ReflectionClass->__construct('app\Controller\...')
#1 D:\xampp\htdocs\rhea\src\core\system\router.php(32): core\annotation\AnnotationClass->__construct('app\Controller\...')
#2 D:\xampp\htdocs\rhea\src\core\system\dispatcher.php(12): core\system\Router->route()
#3 D:\xampp\htdocs\rhea\index.php(8): core\system\Dispatcher::dispatch()
#4 {main}
2013-06-13T23:57:57+02:00 [core\system\Router] ERROR exception 'ReflectionException' with message 'Class app\Controller\webController does not exist' in D:\xampp\htdocs\rhea\src\core\annotation\annotationclass.php:9
Stack trace:
#0 D:\xampp\htdocs\rhea\src\core\annotation\annotationclass.php(9): ReflectionClass->__construct('app\Controller\...')
#1 D:\xampp\htdocs\rhea\src\core\system\router.php(32): core\annotation\AnnotationClass->__construct('app\Controller\...')
#2 D:\xampp\htdocs\rhea\src\core\system\dispatcher.php(12): core\system\Router->route()
#3 D:\xampp\htdocs\rhea\index.php(8): core\system\Dispatcher::dispatch()
#4 {main}
2013-06-14T00:00:26+02:00 [core\system\Router] ERROR exception 'ReflectionException' with message 'Class app\Controller\webController does not exist' in D:\xampp\htdocs\rhea\src\core\annotation\annotationclass.php:9
Stack trace:
#0 D:\xampp\htdocs\rhea\src\core\annotation\annotationclass.php(9): ReflectionClass->__construct('app\Controller\...')
#1 D:\xampp\htdocs\rhea\src\core\system\router.php(32): core\annotation\AnnotationClass->__construct('app\Controller\...')
#2 D:\xampp\htdocs\rhea\src\core\system\dispatcher.php(12): core\system\Router->route()
#3 D:\xampp\htdocs\rhea\index.php(8): core\system\Dispatcher::dispatch()
#4 {main}
2013-06-14T00:00:33+02:00 [core\system\Router] ERROR exception 'ReflectionException' with message 'Class app\Controller\webController does not exist' in D:\xampp\htdocs\rhea\src\core\annotation\annotationclass.php:9
Stack trace:
#0 D:\xampp\htdocs\rhea\src\core\annotation\annotationclass.php(9): ReflectionClass->__construct('app\Controller\...')
#1 D:\xampp\htdocs\rhea\src\core\system\router.php(32): core\annotation\AnnotationClass->__construct('app\Controller\...')
#2 D:\xampp\htdocs\rhea\src\core\system\dispatcher.php(12): core\system\Router->route()
#3 D:\xampp\htdocs\rhea\index.php(8): core\system\Dispatcher::dispatch()
#4 {main}
2013-06-14T00:00:41+02:00 [core\system\Router] ERROR exception 'ReflectionException' with message 'Class app\Controller\webController does not exist' in D:\xampp\htdocs\rhea\src\core\annotation\annotationclass.php:9
Stack trace:
#0 D:\xampp\htdocs\rhea\src\core\annotation\annotationclass.php(9): ReflectionClass->__construct('app\Controller\...')
#1 D:\xampp\htdocs\rhea\src\core\system\router.php(32): core\annotation\AnnotationClass->__construct('app\Controller\...')
#2 D:\xampp\htdocs\rhea\src\core\system\dispatcher.php(12): core\system\Router->route()
#3 D:\xampp\htdocs\rhea\index.php(8): core\system\Dispatcher::dispatch()
#4 {main}
2013-06-14T00:21:08+02:00 [core\system\Router] ERROR exception 'ReflectionException' with message 'Class app\Controller\webController does not exist' in D:\xampp\htdocs\rhea\src\core\annotation\annotationclass.php:9
Stack trace:
#0 D:\xampp\htdocs\rhea\src\core\annotation\annotationclass.php(9): ReflectionClass->__construct('app\Controller\...')
#1 D:\xampp\htdocs\rhea\src\core\system\router.php(32): core\annotation\AnnotationClass->__construct('app\Controller\...')
#2 D:\xampp\htdocs\rhea\src\core\system\dispatcher.php(12): core\system\Router->route()
#3 D:\xampp\htdocs\rhea\index.php(8): core\system\Dispatcher::dispatch()
#4 {main}
2013-06-14T00:22:39+02:00 [core\system\Router] ERROR exception 'ReflectionException' with message 'Class app\Controller\webController does not exist' in D:\xampp\htdocs\rhea\src\core\annotation\annotationclass.php:9
Stack trace:
#0 D:\xampp\htdocs\rhea\src\core\annotation\annotationclass.php(9): ReflectionClass->__construct('app\Controller\...')
#1 D:\xampp\htdocs\rhea\src\core\system\router.php(32): core\annotation\AnnotationClass->__construct('app\Controller\...')
#2 D:\xampp\htdocs\rhea\src\core\system\dispatcher.php(12): core\system\Router->route()
#3 D:\xampp\htdocs\rhea\index.php(8): core\system\Dispatcher::dispatch()
#4 {main}
2013-06-19T22:11:17+02:00 [core\system\Router] ERROR exception 'ReflectionException' with message 'Class app\Controller\webController does not exist' in D:\xampp\htdocs\rhea\src\core\annotation\annotationclass.php:9
Stack trace:
#0 D:\xampp\htdocs\rhea\src\core\annotation\annotationclass.php(9): ReflectionClass->__construct('app\Controller\...')
#1 D:\xampp\htdocs\rhea\src\core\system\router.php(32): core\annotation\AnnotationClass->__construct('app\Controller\...')
#2 D:\xampp\htdocs\rhea\src\core\system\dispatcher.php(12): core\system\Router->route()
#3 D:\xampp\htdocs\rhea\index.php(8): core\system\Dispatcher::dispatch()
#4 {main}
2013-06-19T22:11:32+02:00 [core\system\Router] ERROR exception 'ReflectionException' with message 'Class app\Controller\webController does not exist' in D:\xampp\htdocs\rhea\src\core\annotation\annotationclass.php:9
Stack trace:
#0 D:\xampp\htdocs\rhea\src\core\annotation\annotationclass.php(9): ReflectionClass->__construct('app\Controller\...')
#1 D:\xampp\htdocs\rhea\src\core\system\router.php(32): core\annotation\AnnotationClass->__construct('app\Controller\...')
#2 D:\xampp\htdocs\rhea\src\core\system\dispatcher.php(12): core\system\Router->route()
#3 D:\xampp\htdocs\rhea\index.php(8): core\system\Dispatcher::dispatch()
#4 {main}
2013-06-19T22:11:38+02:00 [core\system\Router] ERROR exception 'ReflectionException' with message 'Class app\Controller\webController does not exist' in D:\xampp\htdocs\rhea\src\core\annotation\annotationclass.php:9
Stack trace:
#0 D:\xampp\htdocs\rhea\src\core\annotation\annotationclass.php(9): ReflectionClass->__construct('app\Controller\...')
#1 D:\xampp\htdocs\rhea\src\core\system\router.php(32): core\annotation\AnnotationClass->__construct('app\Controller\...')
#2 D:\xampp\htdocs\rhea\src\core\system\dispatcher.php(12): core\system\Router->route()
#3 D:\xampp\htdocs\rhea\index.php(8): core\system\Dispatcher::dispatch()
#4 {main}
2013-06-19T22:17:44+02:00 [core\system\Router] ERROR exception 'ReflectionException' with message 'Class app\Controller\webController does not exist' in D:\xampp\htdocs\rhea\src\core\annotation\annotationclass.php:9
Stack trace:
#0 D:\xampp\htdocs\rhea\src\core\annotation\annotationclass.php(9): ReflectionClass->__construct('app\Controller\...')
#1 D:\xampp\htdocs\rhea\src\core\system\router.php(32): core\annotation\AnnotationClass->__construct('app\Controller\...')
#2 D:\xampp\htdocs\rhea\src\core\system\dispatcher.php(12): core\system\Router->route()
#3 D:\xampp\htdocs\rhea\index.php(8): core\system\Dispatcher::dispatch()
#4 {main}
